#
# A fatal error has been detected by the Java Runtime Environment:
#
#  EXCEPTION_ACCESS_VIOLATION (0xc0000005) at pc=0x000001948074d20f, pid=2596, tid=12316
#
# JRE version: Java(TM) SE Runtime Environment 18.9 (11.0.10+8) (build 11.0.10+8-LTS-162)
# Java VM: Java HotSpot(TM) 64-Bit Server VM 18.9 (11.0.10+8-LTS-162, mixed mode, tiered, compressed oops, g1 gc, windows-amd64)
# Problematic frame:
# J 51 c1 java.lang.String.startsWith(Ljava/lang/String;I)Z java.base@11.0.10 (138 bytes) @ 0x000001948074d20f [0x000001948074d140+0x00000000000000cf]
#
# No core dump will be written. Minidumps are not enabled by default on client versions of Windows
#
# If you would like to submit a bug report, please visit:
#   https://bugreport.java.com/bugreport/crash.jsp
#

---------------  S U M M A R Y ------------

Command Line: -XX:TieredStopAtLevel=1 -Xverify:none -Dspring.output.ansi.enabled=always -javaagent:C:\Program Files\JetBrains\IntelliJ IDEA 2020.3.1\lib\idea_rt.jar=51016:C:\Program Files\JetBrains\IntelliJ IDEA 2020.3.1\bin -Dcom.sun.management.jmxremote -Dspring.jmx.enabled=true -Dspring.liveBeansView.mbeanDomain -Dspring.application.admin.enabled=true -Dfile.encoding=UTF-8 com.hackaton.PessoaServiceApplication

Host: AMD Ryzen 5 1400 Quad-Core Processor           , 8 cores, 7G,  Windows 10 , 64 bit Build 19041 (10.0.19041.804)
Time: Thu Mar  4 21:14:14 2021 Hora oficial do Brasil elapsed time: 4.348077 seconds (0d 0h 0m 4s)

---------------  T H R E A D  ---------------

Current thread (0x00000194f5486800):  JavaThread "main" [_thread_in_Java, id=12316, stack(0x0000006bc0800000,0x0000006bc0900000)]

Stack: [0x0000006bc0800000,0x0000006bc0900000],  sp=0x0000006bc08fc0b0,  free space=1008k
Native frames: (J=compiled Java code, j=interpreted, Vv=VM code, C=native code)
C  0x000001948074d20f


siginfo: EXCEPTION_ACCESS_VIOLATION (0xc0000005), reading address 0xffffffffffffffff


Register to memory mapping:

RIP=0x000001948074d20f is at entry_point+207 in (nmethod*)0x000001948074cf90
RAX=0x0000000081bf3110 is an oop: [B 
{0x0000000081bf3110} - klass: {type array byte}
 - length: 38
RBX=0x0000000000000002 is an unknown value
RCX=0x0000000000000001 is an unknown value
RDX=0x0000000000000072 is an unknown value
RSP=0x0000006bc08fc0b0 is pointing into the stack for thread: 0x00000194f5486800
RBP=0x0000006bc08fc7b8 is pointing into the stack for thread: 0x00000194f5486800
RSI=0x0000000000000026 is an unknown value
RDI=0x0000000000000001 is an unknown value
R8 =0x0000000000000019 is an unknown value
R9 =0x0000000000000001 is an unknown value
R10=0x00000194f3451000 points into unknown readable memory: 00 00 00 00 00 00 00 00
R11=0x0000000081145930 is an oop: [B 
{0x0000000081145930} - klass: {type array byte}
 - length: 25
R12=0x0 is NULL
R13=0x000000000000000d is an unknown value
R14=0x0000000000000019 is an unknown value
R15=0x00000194f5486800 is a thread


Registers:
RAX=0x0000000081bf3110, RBX=0x0000000000000002, RCX=0x0000000000000001, RDX=0x0000000000000072
RSP=0x0000006bc08fc0b0, RBP=0x0000006bc08fc7b8, RSI=0x0000000000000026, RDI=0x0000000000000001
R8 =0x0000000000000019, R9 =0x0000000000000001, R10=0x00000194f3451000, R11=0x0000000081145930
R12=0x0000000000000000, R13=0x000000000000000d, R14=0x0000000000000019, R15=0x00000194f5486800
RIP=0x000001948074d20f, EFLAGS=0x0000000000010202

Top of Stack: (sp=0x0000006bc08fc0b0)
0x0000006bc08fc0b0:   0000000000000002 00007ffec2a28b30
0x0000006bc08fc0c0:   000000008ba2b9a8 00000001000148e0
0x0000006bc08fc0d0:   00000194f54873e0 00007ffec2a888dd
0x0000006bc08fc0e0:   000000008ba2b9a8 0000000081859d20
0x0000006bc08fc0f0:   000000008ba2ba20 00000000818f9f00
0x0000006bc08fc100:   0000006bc08fc7b8 0000019480a06034
0x0000006bc08fc110:   0000000000000000 000000008ba2ba20
0x0000006bc08fc120:   0000006bc08fc7b8 0000019480a6e8ac
0x0000006bc08fc130:   000000008ba2ba20 00007ffec2c7a436
0x0000006bc08fc140:   00000194f54873e0 0000000200000001
0x0000006bc08fc150:   00000000817ca708 0000000081145900
0x0000006bc08fc160:   0000000082020c28 0000000081825808
0x0000006bc08fc170:   0000006bc08fc7b8 0000019480a0842c
0x0000006bc08fc180:   0000006bc08fc7b8 000001948095ef84
0x0000006bc08fc190:   0000006bc08fc7b8 0000000200000001
0x0000006bc08fc1a0:   00000000817cf4f0 0000000081145900 

Instructions: (pc=0x000001948074d20f)
0x000001948074d1ef:   e9 41 00 00 00 0f 1f 40 00 49 8b d9 ff c3 41 3b
0x000001948074d1ff:   f1 0f 86 27 01 00 00 4d 63 c9 42 0f be 54 08 10
0x000001948074d20f:   48 8b cf ff c1 48 63 ff 41 0f be 7c 3b 10 4d 8b
0x000001948074d21f:   97 08 01 00 00 41 85 02 3b d7 0f 85 b0 00 00 00 


Stack slot to memory mapping:
stack at sp + 0 slots: 0x0000000000000002 is an unknown value
stack at sp + 1 slots: 0x00007ffec2a28b30 jvm.dll
stack at sp + 2 slots: 0x000000008ba2b9a8 is an oop: [Ljava.lang.Class; 
{0x000000008ba2b9a8} - klass: 'java/lang/Class'[]
 - length: 0
stack at sp + 3 slots: 0x00000001000148e0 is a pointer to class: 
stack at sp + 4 slots: 0x00000194f54873e0 points into unknown readable memory: 18 c9 e7 81 00 00 00 00
stack at sp + 5 slots: 0x00007ffec2a888dd jvm.dll
stack at sp + 6 slots: 0x000000008ba2b9a8 is an oop: [Ljava.lang.Class; 
{0x000000008ba2b9a8} - klass: 'java/lang/Class'[]
 - length: 0
stack at sp + 7 slots: 0x0000000081859d20 is an oop: java.lang.Class 
{0x0000000081859d20} - klass: 'java/lang/Class'



---------------  P R O C E S S  ---------------

Threads class SMR info:
_java_thread_list=0x0000019497cfce80, length=20, elements={
0x00000194f5486800, 0x00000194ff29d800, 0x00000194ff2a7800, 0x00000194ff2b6800,
0x00000194ff2b7800, 0x00000194ff2b9000, 0x00000194ff2bf000, 0x00000194ffd50000,
0x00000194fffd9800, 0x00000194fffda000, 0x000001949539f800, 0x00000194961d3800,
0x0000019496075800, 0x0000019496e7d000, 0x0000019496f01800, 0x0000019496676800,
0x00000194966b3000, 0x000001949667c800, 0x0000019496b84800, 0x0000019496bf2000
}

Java Threads: ( => current thread )
=>0x00000194f5486800 JavaThread "main" [_thread_in_Java, id=12316, stack(0x0000006bc0800000,0x0000006bc0900000)]
  0x00000194ff29d800 JavaThread "Reference Handler" daemon [_thread_blocked, id=9072, stack(0x0000006bc0f00000,0x0000006bc1000000)]
  0x00000194ff2a7800 JavaThread "Finalizer" daemon [_thread_blocked, id=4392, stack(0x0000006bc1000000,0x0000006bc1100000)]
  0x00000194ff2b6800 JavaThread "Signal Dispatcher" daemon [_thread_blocked, id=11020, stack(0x0000006bc1100000,0x0000006bc1200000)]
  0x00000194ff2b7800 JavaThread "Attach Listener" daemon [_thread_blocked, id=12628, stack(0x0000006bc1200000,0x0000006bc1300000)]
  0x00000194ff2b9000 JavaThread "C1 CompilerThread0" daemon [_thread_blocked, id=2728, stack(0x0000006bc1300000,0x0000006bc1400000)]
  0x00000194ff2bf000 JavaThread "Sweeper thread" daemon [_thread_blocked, id=10224, stack(0x0000006bc1400000,0x0000006bc1500000)]
  0x00000194ffd50000 JavaThread "Common-Cleaner" daemon [_thread_blocked, id=8820, stack(0x0000006bc1500000,0x0000006bc1600000)]
  0x00000194fffd9800 JavaThread "Monitor Ctrl-Break" daemon [_thread_in_native, id=9236, stack(0x0000006bc1600000,0x0000006bc1700000)]
  0x00000194fffda000 JavaThread "Service Thread" daemon [_thread_blocked, id=6932, stack(0x0000006bc1700000,0x0000006bc1800000)]
  0x000001949539f800 JavaThread "RMI TCP Accept-0" daemon [_thread_in_native, id=1208, stack(0x0000006bc1800000,0x0000006bc1900000)]
  0x00000194961d3800 JavaThread "RMI TCP Connection(1)-192.168.1.6" daemon [_thread_in_native, id=12148, stack(0x0000006bc1c00000,0x0000006bc1d00000)]
  0x0000019496075800 JavaThread "RMI Scheduler(0)" daemon [_thread_blocked, id=12484, stack(0x0000006bc1d00000,0x0000006bc1e00000)]
  0x0000019496e7d000 JavaThread "MVStore background writer nio:C:/hackaton/h2Hackaton.mv.db" daemon [_thread_blocked, id=2120, stack(0x0000006bc1e00000,0x0000006bc1f00000)]
  0x0000019496f01800 JavaThread "HikariPool-1 housekeeper" daemon [_thread_blocked, id=12596, stack(0x0000006bc2100000,0x0000006bc2200000)]
  0x0000019496676800 JavaThread "Catalina-utility-1" [_thread_blocked, id=9076, stack(0x0000006bc2200000,0x0000006bc2300000)]
  0x00000194966b3000 JavaThread "Catalina-utility-2" [_thread_blocked, id=12324, stack(0x0000006bc2300000,0x0000006bc2400000)]
  0x000001949667c800 JavaThread "container-0" [_thread_blocked, id=13172, stack(0x0000006bc2400000,0x0000006bc2500000)]
  0x0000019496b84800 JavaThread "HikariPool-1 connection adder" daemon [_thread_blocked, id=12588, stack(0x0000006bc2500000,0x0000006bc2600000)]
  0x0000019496bf2000 JavaThread "task-1" [_thread_in_Java, id=1016, stack(0x0000006bc2a00000,0x0000006bc2b00000)]

Other Threads:
  0x00000194ff279000 VMThread "VM Thread" [stack: 0x0000006bc0e00000,0x0000006bc0f00000] [id=10920]
  0x00000194953b3000 WatcherThread [stack: 0x0000006bc1900000,0x0000006bc1a00000] [id=468]
  0x00000194f549b800 GCTaskThread "GC Thread#0" [stack: 0x0000006bc0900000,0x0000006bc0a00000] [id=10084]
  0x00000194954c2800 GCTaskThread "GC Thread#1" [stack: 0x0000006bc1a00000,0x0000006bc1b00000] [id=12748]
  0x0000019496067000 GCTaskThread "GC Thread#2" [stack: 0x0000006bc1b00000,0x0000006bc1c00000] [id=2360]
  0x000001949637f000 GCTaskThread "GC Thread#3" [stack: 0x0000006bc1f00000,0x0000006bc2000000] [id=11336]
  0x0000019496b8d800 GCTaskThread "GC Thread#4" [stack: 0x0000006bc2600000,0x0000006bc2700000] [id=12384]
  0x0000019496b8e000 GCTaskThread "GC Thread#5" [stack: 0x0000006bc2700000,0x0000006bc2800000] [id=5140]
  0x0000019496b8f000 GCTaskThread "GC Thread#6" [stack: 0x0000006bc2800000,0x0000006bc2900000] [id=9892]
  0x0000019496b93800 GCTaskThread "GC Thread#7" [stack: 0x0000006bc2900000,0x0000006bc2a00000] [id=11664]
  0x00000194f54ce800 ConcurrentGCThread "G1 Main Marker" [stack: 0x0000006bc0a00000,0x0000006bc0b00000] [id=10688]
  0x00000194f54d0800 ConcurrentGCThread "G1 Conc#0" [stack: 0x0000006bc0b00000,0x0000006bc0c00000] [id=6904]
  0x000001949637c000 ConcurrentGCThread "G1 Conc#1" [stack: 0x0000006bc2000000,0x0000006bc2100000] [id=6240]
  0x00000194ff0e4800 ConcurrentGCThread "G1 Refine#0" [stack: 0x0000006bc0c00000,0x0000006bc0d00000] [id=11256]
  0x00000194ff0e5000 ConcurrentGCThread "G1 Young RemSet Sampling" [stack: 0x0000006bc0d00000,0x0000006bc0e00000] [id=10568]

Threads with active compile tasks:

VM state:not at safepoint (normal execution)

VM Mutex/Monitor currently owned by a thread: None

Heap address: 0x0000000081000000, size: 2032 MB, Compressed Oops mode: 32-bit
Narrow klass base: 0x0000000000000000, Narrow klass shift: 3
Compressed class space size: 1073741824 Address: 0x0000000100000000

Heap:
 garbage-first heap   total 189440K, used 52808K [0x0000000081000000, 0x0000000100000000)
  region size 1024K, 34 young (34816K), 8 survivors (8192K)
 Metaspace       used 50927K, capacity 52434K, committed 52560K, reserved 1095680K
  class space    used 6457K, capacity 7049K, committed 7116K, reserved 1048576K
Heap Regions: E=young(eden), S=young(survivor), O=old, HS=humongous(starts), HC=humongous(continues), CS=collection set, F=free, A=archive, TAMS=top-at-mark-start (previous, next)
|   0|0x0000000081000000, 0x0000000081100000, 0x0000000081100000|100%|HS|  |TAMS 0x0000000081100000, 0x0000000081000000| Complete 
|   1|0x0000000081100000, 0x0000000081200000, 0x0000000081200000|100%| O|  |TAMS 0x0000000081200000, 0x0000000081100000| Untracked 
|   2|0x0000000081200000, 0x0000000081300000, 0x0000000081300000|100%| O|  |TAMS 0x0000000081300000, 0x0000000081200000| Untracked 
|   3|0x0000000081300000, 0x0000000081400000, 0x0000000081400000|100%| O|  |TAMS 0x0000000081400000, 0x0000000081300000| Untracked 
|   4|0x0000000081400000, 0x0000000081500000, 0x0000000081500000|100%| O|  |TAMS 0x0000000081500000, 0x0000000081400000| Untracked 
|   5|0x0000000081500000, 0x0000000081600000, 0x0000000081600000|100%| O|  |TAMS 0x0000000081600000, 0x0000000081500000| Untracked 
|   6|0x0000000081600000, 0x0000000081700000, 0x0000000081700000|100%| O|  |TAMS 0x0000000081700000, 0x0000000081600000| Untracked 
|   7|0x0000000081700000, 0x0000000081800000, 0x0000000081800000|100%| O|  |TAMS 0x0000000081800000, 0x0000000081700000| Untracked 
|   8|0x0000000081800000, 0x0000000081900000, 0x0000000081900000|100%| O|  |TAMS 0x0000000081900000, 0x0000000081800000| Untracked 
|   9|0x0000000081900000, 0x0000000081a00000, 0x0000000081a00000|100%| O|  |TAMS 0x0000000081a00000, 0x0000000081900000| Untracked 
|  10|0x0000000081a00000, 0x0000000081b00000, 0x0000000081b00000|100%| O|  |TAMS 0x0000000081b00000, 0x0000000081a00000| Untracked 
|  11|0x0000000081b00000, 0x0000000081c00000, 0x0000000081c00000|100%| O|  |TAMS 0x0000000081c00000, 0x0000000081b00000| Untracked 
|  12|0x0000000081c00000, 0x0000000081d00000, 0x0000000081d00000|100%| O|  |TAMS 0x0000000081c39000, 0x0000000081c00000| Untracked 
|  13|0x0000000081d00000, 0x0000000081e00000, 0x0000000081e00000|100%| O|  |TAMS 0x0000000081d00000, 0x0000000081d00000| Untracked 
|  14|0x0000000081e00000, 0x0000000081f00000, 0x0000000081f00000|100%| O|  |TAMS 0x0000000081e00000, 0x0000000081e00000| Untracked 
|  15|0x0000000081f00000, 0x0000000082000000, 0x0000000082000000|100%| O|  |TAMS 0x0000000081f00000, 0x0000000081f00000| Untracked 
|  16|0x0000000082000000, 0x0000000082100000, 0x0000000082100000|100%| O|  |TAMS 0x0000000082000000, 0x0000000082000000| Untracked 
|  17|0x0000000082100000, 0x0000000082153200, 0x0000000082200000| 32%| O|  |TAMS 0x0000000082100000, 0x0000000082100000| Untracked 
|  18|0x0000000082200000, 0x0000000082300000, 0x0000000082300000|100%|HS|  |TAMS 0x0000000082200000, 0x0000000082200000| Complete 
|  19|0x0000000082300000, 0x0000000082400000, 0x0000000082400000|100%|HC|  |TAMS 0x0000000082300000, 0x0000000082300000| Complete 
|  20|0x0000000082400000, 0x0000000082400000, 0x0000000082500000|  0%| F|  |TAMS 0x0000000082400000, 0x0000000082400000| Untracked 
|  21|0x0000000082500000, 0x0000000082500000, 0x0000000082600000|  0%| F|  |TAMS 0x0000000082500000, 0x0000000082500000| Untracked 
|  22|0x0000000082600000, 0x0000000082600000, 0x0000000082700000|  0%| F|  |TAMS 0x0000000082600000, 0x0000000082600000| Untracked 
|  23|0x0000000082700000, 0x0000000082700000, 0x0000000082800000|  0%| F|  |TAMS 0x0000000082700000, 0x0000000082700000| Untracked 
|  24|0x0000000082800000, 0x0000000082800000, 0x0000000082900000|  0%| F|  |TAMS 0x0000000082800000, 0x0000000082800000| Untracked 
|  25|0x0000000082900000, 0x0000000082900000, 0x0000000082a00000|  0%| F|  |TAMS 0x0000000082900000, 0x0000000082900000| Untracked 
|  26|0x0000000082a00000, 0x0000000082a00000, 0x0000000082b00000|  0%| F|  |TAMS 0x0000000082a00000, 0x0000000082a00000| Untracked 
|  27|0x0000000082b00000, 0x0000000082b00000, 0x0000000082c00000|  0%| F|  |TAMS 0x0000000082b00000, 0x0000000082b00000| Untracked 
|  28|0x0000000082c00000, 0x0000000082c00000, 0x0000000082d00000|  0%| F|  |TAMS 0x0000000082c00000, 0x0000000082c00000| Untracked 
|  29|0x0000000082d00000, 0x0000000082d00000, 0x0000000082e00000|  0%| F|  |TAMS 0x0000000082d00000, 0x0000000082d00000| Untracked 
|  30|0x0000000082e00000, 0x0000000082e00000, 0x0000000082f00000|  0%| F|  |TAMS 0x0000000082e00000, 0x0000000082e00000| Untracked 
|  31|0x0000000082f00000, 0x0000000082f00000, 0x0000000083000000|  0%| F|  |TAMS 0x0000000082f00000, 0x0000000082f00000| Untracked 
|  32|0x0000000083000000, 0x0000000083000000, 0x0000000083100000|  0%| F|  |TAMS 0x0000000083000000, 0x0000000083000000| Untracked 
|  33|0x0000000083100000, 0x0000000083100000, 0x0000000083200000|  0%| F|  |TAMS 0x0000000083100000, 0x0000000083100000| Untracked 
|  34|0x0000000083200000, 0x0000000083200000, 0x0000000083300000|  0%| F|  |TAMS 0x0000000083200000, 0x0000000083200000| Untracked 
|  35|0x0000000083300000, 0x0000000083300000, 0x0000000083400000|  0%| F|  |TAMS 0x0000000083300000, 0x0000000083300000| Untracked 
|  36|0x0000000083400000, 0x0000000083400000, 0x0000000083500000|  0%| F|  |TAMS 0x0000000083400000, 0x0000000083400000| Untracked 
|  37|0x0000000083500000, 0x0000000083500000, 0x0000000083600000|  0%| F|  |TAMS 0x0000000083500000, 0x0000000083500000| Untracked 
|  38|0x0000000083600000, 0x0000000083600000, 0x0000000083700000|  0%| F|  |TAMS 0x0000000083600000, 0x0000000083600000| Untracked 
|  39|0x0000000083700000, 0x0000000083700000, 0x0000000083800000|  0%| F|  |TAMS 0x0000000083700000, 0x0000000083700000| Untracked 
|  40|0x0000000083800000, 0x0000000083800000, 0x0000000083900000|  0%| F|  |TAMS 0x0000000083800000, 0x0000000083800000| Untracked 
|  41|0x0000000083900000, 0x0000000083900000, 0x0000000083a00000|  0%| F|  |TAMS 0x0000000083900000, 0x0000000083900000| Untracked 
|  42|0x0000000083a00000, 0x0000000083a00000, 0x0000000083b00000|  0%| F|  |TAMS 0x0000000083a00000, 0x0000000083a00000| Untracked 
|  43|0x0000000083b00000, 0x0000000083b00000, 0x0000000083c00000|  0%| F|  |TAMS 0x0000000083b00000, 0x0000000083b00000| Untracked 
|  44|0x0000000083c00000, 0x0000000083c00000, 0x0000000083d00000|  0%| F|  |TAMS 0x0000000083c00000, 0x0000000083c00000| Untracked 
|  45|0x0000000083d00000, 0x0000000083d00000, 0x0000000083e00000|  0%| F|  |TAMS 0x0000000083d00000, 0x0000000083d00000| Untracked 
|  46|0x0000000083e00000, 0x0000000083e00000, 0x0000000083f00000|  0%| F|  |TAMS 0x0000000083e00000, 0x0000000083e00000| Untracked 
|  47|0x0000000083f00000, 0x0000000083f00000, 0x0000000084000000|  0%| F|  |TAMS 0x0000000083f00000, 0x0000000083f00000| Untracked 
|  48|0x0000000084000000, 0x0000000084000000, 0x0000000084100000|  0%| F|  |TAMS 0x0000000084000000, 0x0000000084000000| Untracked 
|  49|0x0000000084100000, 0x0000000084100000, 0x0000000084200000|  0%| F|  |TAMS 0x0000000084100000, 0x0000000084100000| Untracked 
|  50|0x0000000084200000, 0x0000000084200000, 0x0000000084300000|  0%| F|  |TAMS 0x0000000084200000, 0x0000000084200000| Untracked 
|  51|0x0000000084300000, 0x0000000084300000, 0x0000000084400000|  0%| F|  |TAMS 0x0000000084300000, 0x0000000084300000| Untracked 
|  52|0x0000000084400000, 0x0000000084400000, 0x0000000084500000|  0%| F|  |TAMS 0x0000000084400000, 0x0000000084400000| Untracked 
|  53|0x0000000084500000, 0x0000000084500000, 0x0000000084600000|  0%| F|  |TAMS 0x0000000084500000, 0x0000000084500000| Untracked 
|  54|0x0000000084600000, 0x0000000084600000, 0x0000000084700000|  0%| F|  |TAMS 0x0000000084600000, 0x0000000084600000| Untracked 
|  55|0x0000000084700000, 0x0000000084700000, 0x0000000084800000|  0%| F|  |TAMS 0x0000000084700000, 0x0000000084700000| Untracked 
|  56|0x0000000084800000, 0x0000000084800000, 0x0000000084900000|  0%| F|  |TAMS 0x0000000084800000, 0x0000000084800000| Untracked 
|  57|0x0000000084900000, 0x0000000084900000, 0x0000000084a00000|  0%| F|  |TAMS 0x0000000084900000, 0x0000000084900000| Untracked 
|  58|0x0000000084a00000, 0x0000000084a00000, 0x0000000084b00000|  0%| F|  |TAMS 0x0000000084a00000, 0x0000000084a00000| Untracked 
|  59|0x0000000084b00000, 0x0000000084b00000, 0x0000000084c00000|  0%| F|  |TAMS 0x0000000084b00000, 0x0000000084b00000| Untracked 
|  60|0x0000000084c00000, 0x0000000084c3f1e0, 0x0000000084d00000| 24%| S|CS|TAMS 0x0000000084c00000, 0x0000000084c00000| Complete 
|  61|0x0000000084d00000, 0x0000000084e00000, 0x0000000084e00000|100%| S|CS|TAMS 0x0000000084d00000, 0x0000000084d00000| Complete 
|  62|0x0000000084e00000, 0x0000000084f00000, 0x0000000084f00000|100%| S|CS|TAMS 0x0000000084e00000, 0x0000000084e00000| Complete 
|  63|0x0000000084f00000, 0x0000000085000000, 0x0000000085000000|100%| S|CS|TAMS 0x0000000084f00000, 0x0000000084f00000| Complete 
|  64|0x0000000085000000, 0x0000000085100000, 0x0000000085100000|100%| S|CS|TAMS 0x0000000085000000, 0x0000000085000000| Complete 
|  65|0x0000000085100000, 0x0000000085100000, 0x0000000085200000|  0%| F|  |TAMS 0x0000000085100000, 0x0000000085100000| Untracked 
|  66|0x0000000085200000, 0x0000000085200000, 0x0000000085300000|  0%| F|  |TAMS 0x0000000085200000, 0x0000000085200000| Untracked 
|  67|0x0000000085300000, 0x0000000085300000, 0x0000000085400000|  0%| F|  |TAMS 0x0000000085300000, 0x0000000085300000| Untracked 
|  68|0x0000000085400000, 0x0000000085400000, 0x0000000085500000|  0%| F|  |TAMS 0x0000000085400000, 0x0000000085400000| Untracked 
|  69|0x0000000085500000, 0x0000000085600000, 0x0000000085600000|100%| S|CS|TAMS 0x0000000085500000, 0x0000000085500000| Complete 
|  70|0x0000000085600000, 0x0000000085700000, 0x0000000085700000|100%| S|CS|TAMS 0x0000000085600000, 0x0000000085600000| Complete 
|  71|0x0000000085700000, 0x0000000085800000, 0x0000000085800000|100%| S|CS|TAMS 0x0000000085700000, 0x0000000085700000| Complete 
|  72|0x0000000085800000, 0x0000000085800000, 0x0000000085900000|  0%| F|  |TAMS 0x0000000085800000, 0x0000000085800000| Untracked 
|  73|0x0000000085900000, 0x0000000085900000, 0x0000000085a00000|  0%| F|  |TAMS 0x0000000085900000, 0x0000000085900000| Untracked 
|  74|0x0000000085a00000, 0x0000000085a00000, 0x0000000085b00000|  0%| F|  |TAMS 0x0000000085a00000, 0x0000000085a00000| Untracked 
|  75|0x0000000085b00000, 0x0000000085b00000, 0x0000000085c00000|  0%| F|  |TAMS 0x0000000085b00000, 0x0000000085b00000| Untracked 
|  76|0x0000000085c00000, 0x0000000085c00000, 0x0000000085d00000|  0%| F|  |TAMS 0x0000000085c00000, 0x0000000085c00000| Untracked 
|  77|0x0000000085d00000, 0x0000000085d00000, 0x0000000085e00000|  0%| F|  |TAMS 0x0000000085d00000, 0x0000000085d00000| Untracked 
|  78|0x0000000085e00000, 0x0000000085e00000, 0x0000000085f00000|  0%| F|  |TAMS 0x0000000085e00000, 0x0000000085e00000| Untracked 
|  79|0x0000000085f00000, 0x0000000085f00000, 0x0000000086000000|  0%| F|  |TAMS 0x0000000085f00000, 0x0000000085f00000| Untracked 
|  80|0x0000000086000000, 0x0000000086000000, 0x0000000086100000|  0%| F|  |TAMS 0x0000000086000000, 0x0000000086000000| Untracked 
|  81|0x0000000086100000, 0x0000000086100000, 0x0000000086200000|  0%| F|  |TAMS 0x0000000086100000, 0x0000000086100000| Untracked 
|  82|0x0000000086200000, 0x0000000086200000, 0x0000000086300000|  0%| F|  |TAMS 0x0000000086200000, 0x0000000086200000| Untracked 
|  83|0x0000000086300000, 0x0000000086300000, 0x0000000086400000|  0%| F|  |TAMS 0x0000000086300000, 0x0000000086300000| Untracked 
|  84|0x0000000086400000, 0x0000000086400000, 0x0000000086500000|  0%| F|  |TAMS 0x0000000086400000, 0x0000000086400000| Untracked 
|  85|0x0000000086500000, 0x0000000086500000, 0x0000000086600000|  0%| F|  |TAMS 0x0000000086500000, 0x0000000086500000| Untracked 
|  86|0x0000000086600000, 0x0000000086600000, 0x0000000086700000|  0%| F|  |TAMS 0x0000000086600000, 0x0000000086600000| Untracked 
|  87|0x0000000086700000, 0x0000000086700000, 0x0000000086800000|  0%| F|  |TAMS 0x0000000086700000, 0x0000000086700000| Untracked 
|  88|0x0000000086800000, 0x0000000086800000, 0x0000000086900000|  0%| F|  |TAMS 0x0000000086800000, 0x0000000086800000| Untracked 
|  89|0x0000000086900000, 0x0000000086900000, 0x0000000086a00000|  0%| F|  |TAMS 0x0000000086900000, 0x0000000086900000| Untracked 
|  90|0x0000000086a00000, 0x0000000086a00000, 0x0000000086b00000|  0%| F|  |TAMS 0x0000000086a00000, 0x0000000086a00000| Untracked 
|  91|0x0000000086b00000, 0x0000000086b00000, 0x0000000086c00000|  0%| F|  |TAMS 0x0000000086b00000, 0x0000000086b00000| Untracked 
|  92|0x0000000086c00000, 0x0000000086c00000, 0x0000000086d00000|  0%| F|  |TAMS 0x0000000086c00000, 0x0000000086c00000| Untracked 
|  93|0x0000000086d00000, 0x0000000086d00000, 0x0000000086e00000|  0%| F|  |TAMS 0x0000000086d00000, 0x0000000086d00000| Untracked 
|  94|0x0000000086e00000, 0x0000000086e00000, 0x0000000086f00000|  0%| F|  |TAMS 0x0000000086e00000, 0x0000000086e00000| Untracked 
|  95|0x0000000086f00000, 0x0000000086f00000, 0x0000000087000000|  0%| F|  |TAMS 0x0000000086f00000, 0x0000000086f00000| Untracked 
|  96|0x0000000087000000, 0x0000000087000000, 0x0000000087100000|  0%| F|  |TAMS 0x0000000087000000, 0x0000000087000000| Untracked 
|  97|0x0000000087100000, 0x0000000087100000, 0x0000000087200000|  0%| F|  |TAMS 0x0000000087100000, 0x0000000087100000| Untracked 
|  98|0x0000000087200000, 0x0000000087200000, 0x0000000087300000|  0%| F|  |TAMS 0x0000000087200000, 0x0000000087200000| Untracked 
|  99|0x0000000087300000, 0x0000000087300000, 0x0000000087400000|  0%| F|  |TAMS 0x0000000087300000, 0x0000000087300000| Untracked 
| 100|0x0000000087400000, 0x0000000087400000, 0x0000000087500000|  0%| F|  |TAMS 0x0000000087400000, 0x0000000087400000| Untracked 
| 101|0x0000000087500000, 0x0000000087500000, 0x0000000087600000|  0%| F|  |TAMS 0x0000000087500000, 0x0000000087500000| Untracked 
| 102|0x0000000087600000, 0x0000000087600000, 0x0000000087700000|  0%| F|  |TAMS 0x0000000087600000, 0x0000000087600000| Untracked 
| 103|0x0000000087700000, 0x0000000087700000, 0x0000000087800000|  0%| F|  |TAMS 0x0000000087700000, 0x0000000087700000| Untracked 
| 104|0x0000000087800000, 0x0000000087800000, 0x0000000087900000|  0%| F|  |TAMS 0x0000000087800000, 0x0000000087800000| Untracked 
| 105|0x0000000087900000, 0x0000000087900000, 0x0000000087a00000|  0%| F|  |TAMS 0x0000000087900000, 0x0000000087900000| Untracked 
| 106|0x0000000087a00000, 0x0000000087a00000, 0x0000000087b00000|  0%| F|  |TAMS 0x0000000087a00000, 0x0000000087a00000| Untracked 
| 107|0x0000000087b00000, 0x0000000087b00000, 0x0000000087c00000|  0%| F|  |TAMS 0x0000000087b00000, 0x0000000087b00000| Untracked 
| 108|0x0000000087c00000, 0x0000000087c00000, 0x0000000087d00000|  0%| F|  |TAMS 0x0000000087c00000, 0x0000000087c00000| Untracked 
| 109|0x0000000087d00000, 0x0000000087d00000, 0x0000000087e00000|  0%| F|  |TAMS 0x0000000087d00000, 0x0000000087d00000| Untracked 
| 110|0x0000000087e00000, 0x0000000087e00000, 0x0000000087f00000|  0%| F|  |TAMS 0x0000000087e00000, 0x0000000087e00000| Untracked 
| 111|0x0000000087f00000, 0x0000000087f00000, 0x0000000088000000|  0%| F|  |TAMS 0x0000000087f00000, 0x0000000087f00000| Untracked 
| 112|0x0000000088000000, 0x0000000088000000, 0x0000000088100000|  0%| F|  |TAMS 0x0000000088000000, 0x0000000088000000| Untracked 
| 113|0x0000000088100000, 0x0000000088100000, 0x0000000088200000|  0%| F|  |TAMS 0x0000000088100000, 0x0000000088100000| Untracked 
| 114|0x0000000088200000, 0x0000000088200000, 0x0000000088300000|  0%| F|  |TAMS 0x0000000088200000, 0x0000000088200000| Untracked 
| 115|0x0000000088300000, 0x0000000088300000, 0x0000000088400000|  0%| F|  |TAMS 0x0000000088300000, 0x0000000088300000| Untracked 
| 116|0x0000000088400000, 0x0000000088400000, 0x0000000088500000|  0%| F|  |TAMS 0x0000000088400000, 0x0000000088400000| Untracked 
| 117|0x0000000088500000, 0x0000000088500000, 0x0000000088600000|  0%| F|  |TAMS 0x0000000088500000, 0x0000000088500000| Untracked 
| 118|0x0000000088600000, 0x0000000088600000, 0x0000000088700000|  0%| F|  |TAMS 0x0000000088600000, 0x0000000088600000| Untracked 
| 119|0x0000000088700000, 0x0000000088700000, 0x0000000088800000|  0%| F|  |TAMS 0x0000000088700000, 0x0000000088700000| Untracked 
| 120|0x0000000088800000, 0x0000000088800000, 0x0000000088900000|  0%| F|  |TAMS 0x0000000088800000, 0x0000000088800000| Untracked 
| 121|0x0000000088900000, 0x0000000088900000, 0x0000000088a00000|  0%| F|  |TAMS 0x0000000088900000, 0x0000000088900000| Untracked 
| 122|0x0000000088a00000, 0x0000000088a00000, 0x0000000088b00000|  0%| F|  |TAMS 0x0000000088a00000, 0x0000000088a00000| Untracked 
| 123|0x0000000088b00000, 0x0000000088b00000, 0x0000000088c00000|  0%| F|  |TAMS 0x0000000088b00000, 0x0000000088b00000| Untracked 
| 124|0x0000000088c00000, 0x0000000088c00000, 0x0000000088d00000|  0%| F|  |TAMS 0x0000000088c00000, 0x0000000088c00000| Untracked 
| 125|0x0000000088d00000, 0x0000000088d00000, 0x0000000088e00000|  0%| F|  |TAMS 0x0000000088d00000, 0x0000000088d00000| Untracked 
| 126|0x0000000088e00000, 0x0000000088e00000, 0x0000000088f00000|  0%| F|  |TAMS 0x0000000088e00000, 0x0000000088e00000| Untracked 
| 127|0x0000000088f00000, 0x0000000088f00000, 0x0000000089000000|  0%| F|  |TAMS 0x0000000088f00000, 0x0000000088f00000| Untracked 
| 128|0x0000000089000000, 0x0000000089000000, 0x0000000089100000|  0%| F|  |TAMS 0x0000000089000000, 0x0000000089000000| Untracked 
| 129|0x0000000089100000, 0x0000000089100000, 0x0000000089200000|  0%| F|  |TAMS 0x0000000089100000, 0x0000000089100000| Untracked 
| 130|0x0000000089200000, 0x0000000089200000, 0x0000000089300000|  0%| F|  |TAMS 0x0000000089200000, 0x0000000089200000| Untracked 
| 131|0x0000000089300000, 0x0000000089300000, 0x0000000089400000|  0%| F|  |TAMS 0x0000000089300000, 0x0000000089300000| Untracked 
| 132|0x0000000089400000, 0x0000000089400000, 0x0000000089500000|  0%| F|  |TAMS 0x0000000089400000, 0x0000000089400000| Untracked 
| 133|0x0000000089500000, 0x0000000089500000, 0x0000000089600000|  0%| F|  |TAMS 0x0000000089500000, 0x0000000089500000| Untracked 
| 134|0x0000000089600000, 0x0000000089600000, 0x0000000089700000|  0%| F|  |TAMS 0x0000000089600000, 0x0000000089600000| Untracked 
| 135|0x0000000089700000, 0x0000000089700000, 0x0000000089800000|  0%| F|  |TAMS 0x0000000089700000, 0x0000000089700000| Untracked 
| 136|0x0000000089800000, 0x0000000089800000, 0x0000000089900000|  0%| F|  |TAMS 0x0000000089800000, 0x0000000089800000| Untracked 
| 137|0x0000000089900000, 0x0000000089900000, 0x0000000089a00000|  0%| F|  |TAMS 0x0000000089900000, 0x0000000089900000| Untracked 
| 138|0x0000000089a00000, 0x0000000089a00000, 0x0000000089b00000|  0%| F|  |TAMS 0x0000000089a00000, 0x0000000089a00000| Untracked 
| 139|0x0000000089b00000, 0x0000000089b00000, 0x0000000089c00000|  0%| F|  |TAMS 0x0000000089b00000, 0x0000000089b00000| Untracked 
| 140|0x0000000089c00000, 0x0000000089c00000, 0x0000000089d00000|  0%| F|  |TAMS 0x0000000089c00000, 0x0000000089c00000| Untracked 
| 141|0x0000000089d00000, 0x0000000089d00000, 0x0000000089e00000|  0%| F|  |TAMS 0x0000000089d00000, 0x0000000089d00000| Untracked 
| 142|0x0000000089e00000, 0x0000000089e00000, 0x0000000089f00000|  0%| F|  |TAMS 0x0000000089e00000, 0x0000000089e00000| Untracked 
| 143|0x0000000089f00000, 0x0000000089f00000, 0x000000008a000000|  0%| F|  |TAMS 0x0000000089f00000, 0x0000000089f00000| Untracked 
| 144|0x000000008a000000, 0x000000008a000000, 0x000000008a100000|  0%| F|  |TAMS 0x000000008a000000, 0x000000008a000000| Untracked 
| 145|0x000000008a100000, 0x000000008a100000, 0x000000008a200000|  0%| F|  |TAMS 0x000000008a100000, 0x000000008a100000| Untracked 
| 146|0x000000008a200000, 0x000000008a200000, 0x000000008a300000|  0%| F|  |TAMS 0x000000008a200000, 0x000000008a200000| Untracked 
| 147|0x000000008a300000, 0x000000008a300000, 0x000000008a400000|  0%| F|  |TAMS 0x000000008a300000, 0x000000008a300000| Untracked 
| 148|0x000000008a400000, 0x000000008a400000, 0x000000008a500000|  0%| F|  |TAMS 0x000000008a400000, 0x000000008a400000| Untracked 
| 149|0x000000008a500000, 0x000000008a500000, 0x000000008a600000|  0%| F|  |TAMS 0x000000008a500000, 0x000000008a500000| Untracked 
| 150|0x000000008a600000, 0x000000008a600000, 0x000000008a700000|  0%| F|  |TAMS 0x000000008a600000, 0x000000008a600000| Untracked 
| 151|0x000000008a700000, 0x000000008a700000, 0x000000008a800000|  0%| F|  |TAMS 0x000000008a700000, 0x000000008a700000| Untracked 
| 152|0x000000008a800000, 0x000000008a800000, 0x000000008a900000|  0%| F|  |TAMS 0x000000008a800000, 0x000000008a800000| Untracked 
| 153|0x000000008a900000, 0x000000008a900000, 0x000000008aa00000|  0%| F|  |TAMS 0x000000008a900000, 0x000000008a900000| Untracked 
| 154|0x000000008aa00000, 0x000000008aa00000, 0x000000008ab00000|  0%| F|  |TAMS 0x000000008aa00000, 0x000000008aa00000| Untracked 
| 155|0x000000008ab00000, 0x000000008ab00000, 0x000000008ac00000|  0%| F|  |TAMS 0x000000008ab00000, 0x000000008ab00000| Untracked 
| 156|0x000000008ac00000, 0x000000008ac00000, 0x000000008ad00000|  0%| F|  |TAMS 0x000000008ac00000, 0x000000008ac00000| Untracked 
| 157|0x000000008ad00000, 0x000000008ad00000, 0x000000008ae00000|  0%| F|  |TAMS 0x000000008ad00000, 0x000000008ad00000| Untracked 
| 158|0x000000008ae00000, 0x000000008ae00000, 0x000000008af00000|  0%| F|  |TAMS 0x000000008ae00000, 0x000000008ae00000| Untracked 
| 159|0x000000008af00000, 0x000000008b000000, 0x000000008b000000|100%| E|  |TAMS 0x000000008af00000, 0x000000008af00000| Complete 
| 160|0x000000008b000000, 0x000000008b100000, 0x000000008b100000|100%| E|CS|TAMS 0x000000008b000000, 0x000000008b000000| Complete 
| 161|0x000000008b100000, 0x000000008b200000, 0x000000008b200000|100%| E|CS|TAMS 0x000000008b100000, 0x000000008b100000| Complete 
| 162|0x000000008b200000, 0x000000008b300000, 0x000000008b300000|100%| E|CS|TAMS 0x000000008b200000, 0x000000008b200000| Complete 
| 163|0x000000008b300000, 0x000000008b400000, 0x000000008b400000|100%| E|CS|TAMS 0x000000008b300000, 0x000000008b300000| Complete 
| 164|0x000000008b400000, 0x000000008b500000, 0x000000008b500000|100%| E|CS|TAMS 0x000000008b400000, 0x000000008b400000| Complete 
| 165|0x000000008b500000, 0x000000008b600000, 0x000000008b600000|100%| E|CS|TAMS 0x000000008b500000, 0x000000008b500000| Complete 
| 166|0x000000008b600000, 0x000000008b700000, 0x000000008b700000|100%| E|CS|TAMS 0x000000008b600000, 0x000000008b600000| Complete 
| 167|0x000000008b700000, 0x000000008b800000, 0x000000008b800000|100%| E|CS|TAMS 0x000000008b700000, 0x000000008b700000| Complete 
| 168|0x000000008b800000, 0x000000008b900000, 0x000000008b900000|100%| E|CS|TAMS 0x000000008b800000, 0x000000008b800000| Complete 
| 169|0x000000008b900000, 0x000000008ba00000, 0x000000008ba00000|100%| E|CS|TAMS 0x000000008b900000, 0x000000008b900000| Complete 
| 170|0x000000008ba00000, 0x000000008bb00000, 0x000000008bb00000|100%| E|CS|TAMS 0x000000008ba00000, 0x000000008ba00000| Complete 
| 171|0x000000008bb00000, 0x000000008bc00000, 0x000000008bc00000|100%| E|CS|TAMS 0x000000008bb00000, 0x000000008bb00000| Complete 
| 172|0x000000008bc00000, 0x000000008bd00000, 0x000000008bd00000|100%| E|CS|TAMS 0x000000008bc00000, 0x000000008bc00000| Complete 
| 173|0x000000008bd00000, 0x000000008be00000, 0x000000008be00000|100%| E|CS|TAMS 0x000000008bd00000, 0x000000008bd00000| Complete 
| 174|0x000000008be00000, 0x000000008bf00000, 0x000000008bf00000|100%| E|CS|TAMS 0x000000008be00000, 0x000000008be00000| Complete 
| 175|0x000000008bf00000, 0x000000008c000000, 0x000000008c000000|100%| E|CS|TAMS 0x000000008bf00000, 0x000000008bf00000| Complete 
| 176|0x000000008c000000, 0x000000008c100000, 0x000000008c100000|100%| E|CS|TAMS 0x000000008c000000, 0x000000008c000000| Complete 
| 177|0x000000008c100000, 0x000000008c200000, 0x000000008c200000|100%| E|CS|TAMS 0x000000008c100000, 0x000000008c100000| Complete 
| 178|0x000000008c200000, 0x000000008c300000, 0x000000008c300000|100%| E|CS|TAMS 0x000000008c200000, 0x000000008c200000| Complete 
| 179|0x000000008c300000, 0x000000008c400000, 0x000000008c400000|100%| E|CS|TAMS 0x000000008c300000, 0x000000008c300000| Complete 
| 180|0x000000008c400000, 0x000000008c500000, 0x000000008c500000|100%| E|CS|TAMS 0x000000008c400000, 0x000000008c400000| Complete 
| 181|0x000000008c500000, 0x000000008c600000, 0x000000008c600000|100%| E|CS|TAMS 0x000000008c500000, 0x000000008c500000| Complete 
| 182|0x000000008c600000, 0x000000008c700000, 0x000000008c700000|100%| E|CS|TAMS 0x000000008c600000, 0x000000008c600000| Complete 
| 183|0x000000008c700000, 0x000000008c800000, 0x000000008c800000|100%| E|CS|TAMS 0x000000008c700000, 0x000000008c700000| Complete 
| 184|0x000000008c800000, 0x000000008c900000, 0x000000008c900000|100%| E|CS|TAMS 0x000000008c800000, 0x000000008c800000| Complete 

Card table byte_map: [0x00000194fe040000,0x00000194fe440000] _byte_map_base: 0x00000194fdc38000

Marking Bits (Prev, Next): (CMBitMap*) 0x00000194f54c1de8, (CMBitMap*) 0x00000194f54c1e20
 Prev Bits: [0x000001948f000000, 0x0000019490fc0000)
 Next Bits: [0x0000019490fc0000, 0x0000019492f80000)

Polling page: 0x00000194f3450000

Metaspace:

Usage:
  Non-class:     44.38 MB capacity,    43.46 MB ( 98%) used,   769.03 KB (  2%) free+waste,   174.13 KB ( <1%) overhead. 
      Class:      6.88 MB capacity,     6.32 MB ( 92%) used,   494.52 KB (  7%) free+waste,    84.56 KB (  1%) overhead. 
       Both:     51.27 MB capacity,    49.78 MB ( 97%) used,     1.23 MB (  2%) free+waste,   258.69 KB ( <1%) overhead. 

Virtual space:
  Non-class space:       46.00 MB reserved,      44.63 MB ( 97%) committed 
      Class space:        1.00 GB reserved,       6.95 MB ( <1%) committed 
             Both:        1.04 GB reserved,      51.58 MB (  5%) committed 

Chunk freelists:
   Non-Class:  7.38 KB
       Class:  2.88 KB
        Both:  10.25 KB

CodeHeap 'non-profiled nmethods': size=238336Kb used=7487Kb max_used=7487Kb free=230848Kb
 bounds [0x0000019480740000, 0x0000019480e90000, 0x000001948f000000]
CodeHeap 'non-nmethods': size=7424Kb used=1215Kb max_used=1215Kb free=6208Kb
 bounds [0x0000019480000000, 0x0000019480270000, 0x0000019480740000]
 total_blobs=5277 nmethods=4696 adapters=505
 compilation: enabled
              stopped_count=0, restarted_count=0
 full_count=0

Compilation events (10 events):
Event: 4.318 Thread 0x00000194ff2b9000 4658       1       java.lang.reflect.ProxyGenerator$ConstantPool::write (64 bytes)
Event: 4.319 Thread 0x00000194ff2b9000 nmethod 4658 0x0000019480e85810 code [0x0000019480e85a20, 0x0000019480e85f28]
Event: 4.320 Thread 0x00000194ff2b9000 4659       1       org.springframework.core.annotation.AbstractMergedAnnotation::getValue (10 bytes)
Event: 4.320 Thread 0x00000194ff2b9000 nmethod 4659 0x0000019480e86110 code [0x0000019480e862e0, 0x0000019480e86558]
Event: 4.320 Thread 0x00000194ff2b9000 4660       1       java.lang.reflect.Field::getRoot (5 bytes)
Event: 4.320 Thread 0x00000194ff2b9000 nmethod 4660 0x0000019480e86690 code [0x0000019480e86820, 0x0000019480e868d8]
Event: 4.320 Thread 0x00000194ff2b9000 4661       1       java.lang.reflect.Field::setFieldAccessor (34 bytes)
Event: 4.321 Thread 0x00000194ff2b9000 nmethod 4661 0x0000019480e86990 code [0x0000019480e86b40, 0x0000019480e86dc8]
Event: 4.324 Thread 0x00000194ff2b9000 4662       1       java.util.concurrent.atomic.AtomicBoolean::get (13 bytes)
Event: 4.324 Thread 0x00000194ff2b9000 nmethod 4662 0x0000019480e86e90 code [0x0000019480e87020, 0x0000019480e870f8]

GC Heap History (10 events):
Event: 2.231 GC heap before
{Heap before GC invocations=5 (full 0):
 garbage-first heap   total 131072K, used 83961K [0x0000000081000000, 0x0000000100000000)
  region size 1024K, 76 young (77824K), 5 survivors (5120K)
 Metaspace       used 26382K, capacity 27333K, committed 27644K, reserved 1073152K
  class space    used 3173K, capacity 3546K, committed 3660K, reserved 1048576K
}
Event: 2.239 GC heap after
{Heap after GC invocations=6 (full 0):
 garbage-first heap   total 157696K, used 13671K [0x0000000081000000, 0x0000000100000000)
  region size 1024K, 6 young (6144K), 6 survivors (6144K)
 Metaspace       used 26382K, capacity 27333K, committed 27644K, reserved 1073152K
  class space    used 3173K, capacity 3546K, committed 3660K, reserved 1048576K
}
Event: 3.160 GC heap before
{Heap before GC invocations=6 (full 0):
 garbage-first heap   total 157696K, used 101735K [0x0000000081000000, 0x0000000100000000)
  region size 1024K, 92 young (94208K), 6 survivors (6144K)
 Metaspace       used 33022K, capacity 34362K, committed 34684K, reserved 1079296K
  class space    used 4154K, capacity 4681K, committed 4812K, reserved 1048576K
}
Event: 3.175 GC heap after
{Heap after GC invocations=7 (full 0):
 garbage-first heap   total 157696K, used 18016K [0x0000000081000000, 0x0000000100000000)
  region size 1024K, 10 young (10240K), 10 survivors (10240K)
 Metaspace       used 33022K, capacity 34362K, committed 34684K, reserved 1079296K
  class space    used 4154K, capacity 4681K, committed 4812K, reserved 1048576K
}
Event: 3.324 GC heap before
{Heap before GC invocations=7 (full 0):
 garbage-first heap   total 157696K, used 33376K [0x0000000081000000, 0x0000000100000000)
  region size 1024K, 26 young (26624K), 10 survivors (10240K)
 Metaspace       used 34647K, capacity 35907K, committed 36048K, reserved 1081344K
  class space    used 4310K, capacity 4854K, committed 4940K, reserved 1048576K
}
Event: 3.337 GC heap after
{Heap after GC invocations=8 (full 0):
 garbage-first heap   total 157696K, used 19172K [0x0000000081000000, 0x0000000100000000)
  region size 1024K, 7 young (7168K), 7 survivors (7168K)
 Metaspace       used 34647K, capacity 35907K, committed 36048K, reserved 1081344K
  class space    used 4310K, capacity 4854K, committed 4940K, reserved 1048576K
}
Event: 3.755 GC heap before
{Heap before GC invocations=9 (full 0):
 garbage-first heap   total 157696K, used 98020K [0x0000000081000000, 0x0000000100000000)
  region size 1024K, 85 young (87040K), 7 survivors (7168K)
 Metaspace       used 38975K, capacity 40324K, committed 40528K, reserved 1085440K
  class space    used 4761K, capacity 5303K, committed 5324K, reserved 1048576K
}
Event: 3.761 GC heap after
{Heap after GC invocations=10 (full 0):
 garbage-first heap   total 157696K, used 21136K [0x0000000081000000, 0x0000000100000000)
  region size 1024K, 4 young (4096K), 4 survivors (4096K)
 Metaspace       used 38975K, capacity 40324K, committed 40528K, reserved 1085440K
  class space    used 4761K, capacity 5303K, committed 5324K, reserved 1048576K
}
Event: 4.236 GC heap before
{Heap before GC invocations=10 (full 0):
 garbage-first heap   total 157696K, used 106128K [0x0000000081000000, 0x0000000100000000)
  region size 1024K, 86 young (88064K), 4 survivors (4096K)
 Metaspace       used 47225K, capacity 48700K, committed 48976K, reserved 1091584K
  class space    used 5927K, capacity 6510K, committed 6604K, reserved 1048576K
}
Event: 4.242 GC heap after
{Heap after GC invocations=11 (full 0):
 garbage-first heap   total 189440K, used 27208K [0x0000000081000000, 0x0000000100000000)
  region size 1024K, 8 young (8192K), 8 survivors (8192K)
 Metaspace       used 47225K, capacity 48700K, committed 48976K, reserved 1091584K
  class space    used 5927K, capacity 6510K, committed 6604K, reserved 1048576K
}

Deoptimization events (0 events):
No events

Classes redefined (0 events):
No events

Internal exceptions (10 events):
Event: 4.296 Thread 0x00000194f5486800 Exception <a 'java/lang/ClassNotFoundException'{0x000000008beaa718}: org/springframework/web/servlet/HandlerMappingCustomizer> (0x000000008beaa718) thrown at [./open/src/hotspot/share/classfile/systemDictionary.cpp, line 228]
Event: 4.296 Thread 0x00000194f5486800 Exception <a 'java/lang/ClassNotFoundException'{0x000000008bebb8b8}: org/springframework/core/OrderedCustomizer> (0x000000008bebb8b8) thrown at [./open/src/hotspot/share/classfile/systemDictionary.cpp, line 228]
Event: 4.297 Thread 0x00000194f5486800 Exception <a 'java/lang/ClassNotFoundException'{0x000000008bece908}: org/springframework/beans/factory/BeanNameAwareCustomizer> (0x000000008bece908) thrown at [./open/src/hotspot/share/classfile/systemDictionary.cpp, line 228]
Event: 4.297 Thread 0x00000194f5486800 Exception <a 'java/lang/ClassNotFoundException'{0x000000008bee0890}: org/springframework/beans/factory/AwareCustomizer> (0x000000008bee0890) thrown at [./open/src/hotspot/share/classfile/systemDictionary.cpp, line 228]
Event: 4.298 Thread 0x00000194f5486800 Exception <a 'java/lang/ClassNotFoundException'{0x000000008bef3b28}: org/springframework/web/context/ServletContextAwareCustomizer> (0x000000008bef3b28) thrown at [./open/src/hotspot/share/classfile/systemDictionary.cpp, line 228]
Event: 4.298 Thread 0x00000194f5486800 Exception <a 'java/lang/ClassNotFoundException'{0x000000008bd06000}: org/springframework/beans/factory/AwareCustomizer> (0x000000008bd06000) thrown at [./open/src/hotspot/share/classfile/systemDictionary.cpp, line 228]
Event: 4.298 Thread 0x00000194f5486800 Exception <a 'java/lang/ClassNotFoundException'{0x000000008bd19298}: org/springframework/context/ApplicationContextAwareCustomizer> (0x000000008bd19298) thrown at [./open/src/hotspot/share/classfile/systemDictionary.cpp, line 228]
Event: 4.299 Thread 0x00000194f5486800 Exception <a 'java/lang/ClassNotFoundException'{0x000000008bd2b798}: org/springframework/beans/factory/AwareCustomizer> (0x000000008bd2b798) thrown at [./open/src/hotspot/share/classfile/systemDictionary.cpp, line 228]
Event: 4.299 Thread 0x0000019496bf2000 Exception <a 'java/lang/NoSuchMethodError'{0x000000008be74c28}: java.lang.invoke.DirectMethodHandle$Holder.newInvokeSpecial(Ljava/lang/Object;Ljava/lang/Object;ILjava/lang/Object;Ljava/lang/Object;)Ljava/lang/Object;> (0x000000008be74c28) thrown at [./ope
Event: 4.308 Thread 0x00000194961d3800 Exception <a 'java/lang/reflect/InvocationTargetException'{0x000000008bc89ab8}> (0x000000008bc89ab8) thrown at [./open/src/hotspot/share/runtime/reflection.cpp, line 1242]

Events (10 events):
Event: 4.338 loading class org/hibernate/internal/CoreMessageLogger_$logger_pt
Event: 4.338 loading class org/hibernate/internal/CoreMessageLogger_$logger_pt done
Event: 4.339 loading class org/hibernate/event/internal/DefaultReplicateEventListener
Event: 4.339 loading class org/hibernate/event/internal/DefaultReplicateEventListener done
Event: 4.339 loading class org/hibernate/internal/CoreMessageLogger_$logger_pt_BR
Event: 4.339 loading class org/hibernate/internal/CoreMessageLogger_$logger_pt_BR done
Event: 4.339 loading class org/hibernate/internal/CoreMessageLogger_$logger_pt
Event: 4.339 loading class org/hibernate/internal/CoreMessageLogger_$logger_pt done
Event: 4.339 loading class org/hibernate/event/internal/DefaultSaveEventListener
Event: 4.339 loading class org/hibernate/event/internal/DefaultSaveEventListener done


Dynamic libraries:
0x00007ff651c30000 - 0x00007ff651c3f000 	C:\Program Files\Java\jdk-11.0.10\bin\java.exe
0x00007fff29850000 - 0x00007fff29a45000 	C:\Windows\SYSTEM32\ntdll.dll
0x00007fff29270000 - 0x00007fff2932d000 	C:\Windows\System32\KERNEL32.DLL
0x00007fff273f0000 - 0x00007fff276b9000 	C:\Windows\System32\KERNELBASE.dll
0x00007fff272f0000 - 0x00007fff273f0000 	C:\Windows\System32\ucrtbase.dll
0x00007fff211b0000 - 0x00007fff211c5000 	C:\Program Files\Java\jdk-11.0.10\bin\VCRUNTIME140.dll
0x00007fff1dcc0000 - 0x00007fff1dcd8000 	C:\Program Files\Java\jdk-11.0.10\bin\jli.dll
0x00007fff28410000 - 0x00007fff284bc000 	C:\Windows\System32\ADVAPI32.dll
0x00007fff284c0000 - 0x00007fff2855e000 	C:\Windows\System32\msvcrt.dll
0x00007fff291d0000 - 0x00007fff2926c000 	C:\Windows\System32\sechost.dll
0x00007fff29650000 - 0x00007fff2977b000 	C:\Windows\System32\RPCRT4.dll
0x00007fff27980000 - 0x00007fff27b20000 	C:\Windows\System32\USER32.dll
0x00007fff12880000 - 0x00007fff12b1a000 	C:\Windows\WinSxS\amd64_microsoft.windows.common-controls_6595b64144ccf1df_6.0.19041.844_none_ca00b6081b84eb1d\COMCTL32.dll
0x00007fff27880000 - 0x00007fff278a2000 	C:\Windows\System32\win32u.dll
0x00007fff29460000 - 0x00007fff2948a000 	C:\Windows\System32\GDI32.dll
0x00007fff27770000 - 0x00007fff2787b000 	C:\Windows\System32\gdi32full.dll
0x00007fff215a0000 - 0x00007fff215aa000 	C:\Windows\SYSTEM32\VERSION.dll
0x00007fff27070000 - 0x00007fff2710d000 	C:\Windows\System32\msvcp_win.dll
0x00007fff29490000 - 0x00007fff294c0000 	C:\Windows\System32\IMM32.DLL
0x00007fff1dc20000 - 0x00007fff1dcbb000 	C:\Program Files\Java\jdk-11.0.10\bin\msvcp140.dll
0x00007ffec28a0000 - 0x00007ffec339b000 	C:\Program Files\Java\jdk-11.0.10\bin\server\jvm.dll
0x00007fff280a0000 - 0x00007fff280a8000 	C:\Windows\System32\PSAPI.DLL
0x00007fff21120000 - 0x00007fff21147000 	C:\Windows\SYSTEM32\WINMM.dll
0x00007fff22cc0000 - 0x00007fff22cc9000 	C:\Windows\SYSTEM32\WSOCK32.dll
0x00007fff295e0000 - 0x00007fff2964b000 	C:\Windows\System32\WS2_32.dll
0x00007fff24f10000 - 0x00007fff24f22000 	C:\Windows\SYSTEM32\kernel.appcore.dll
0x00007fff22c50000 - 0x00007fff22c60000 	C:\Program Files\Java\jdk-11.0.10\bin\verify.dll
0x00007fff0f360000 - 0x00007fff0f544000 	C:\Windows\SYSTEM32\DBGHELP.DLL
0x00007fff18bf0000 - 0x00007fff18c1c000 	C:\Windows\SYSTEM32\dbgcore.DLL
0x00007fff27110000 - 0x00007fff27190000 	C:\Windows\System32\bcryptPrimitives.dll
0x00007fff1dbf0000 - 0x00007fff1dc18000 	C:\Program Files\Java\jdk-11.0.10\bin\java.dll
0x00007fff22920000 - 0x00007fff2292a000 	C:\Program Files\Java\jdk-11.0.10\bin\jimage.dll
0x00007fff1db80000 - 0x00007fff1db8e000 	C:\Program Files\Java\jdk-11.0.10\bin\instrument.dll
0x00007fff1dbd0000 - 0x00007fff1dbe6000 	C:\Program Files\Java\jdk-11.0.10\bin\zip.dll
0x00007fff28570000 - 0x00007fff28cb2000 	C:\Windows\System32\SHELL32.dll
0x00007fff25110000 - 0x00007fff258a0000 	C:\Windows\SYSTEM32\windows.storage.dll
0x00007fff280b0000 - 0x00007fff28405000 	C:\Windows\System32\combase.dll
0x00007fff26a00000 - 0x00007fff26a2c000 	C:\Windows\SYSTEM32\Wldp.dll
0x00007fff29120000 - 0x00007fff291ce000 	C:\Windows\System32\SHCORE.dll
0x00007fff278b0000 - 0x00007fff27905000 	C:\Windows\System32\shlwapi.dll
0x00007fff26ed0000 - 0x00007fff26eef000 	C:\Windows\SYSTEM32\profapi.dll
0x00007fff1dbb0000 - 0x00007fff1dbc9000 	C:\Program Files\Java\jdk-11.0.10\bin\net.dll
0x00007fff1ac10000 - 0x00007fff1ad1c000 	C:\Windows\SYSTEM32\WINHTTP.dll
0x00007fff26780000 - 0x00007fff267ea000 	C:\Windows\system32\mswsock.dll
0x00007fff1db90000 - 0x00007fff1dba2000 	C:\Program Files\Java\jdk-11.0.10\bin\nio.dll
0x00007fff1db60000 - 0x00007fff1db7a000 	C:\Program Files\JetBrains\IntelliJ IDEA 2020.3.1\bin\breakgen64.dll
0x00007fff26470000 - 0x00007fff2653b000 	C:\Windows\SYSTEM32\DNSAPI.dll
0x00007fff26420000 - 0x00007fff2645b000 	C:\Windows\SYSTEM32\IPHLPAPI.DLL
0x00007fff27970000 - 0x00007fff27978000 	C:\Windows\System32\NSI.dll
0x00007fff1a8d0000 - 0x00007fff1a8da000 	C:\Windows\System32\rasadhlp.dll
0x00007fff1a2d0000 - 0x00007fff1a34f000 	C:\Windows\System32\fwpuclnt.dll
0x00007fff27040000 - 0x00007fff27067000 	C:\Windows\System32\bcrypt.dll
0x00007fff1d9d0000 - 0x00007fff1d9d9000 	C:\Program Files\Java\jdk-11.0.10\bin\management.dll
0x00007fff1d9c0000 - 0x00007fff1d9cb000 	C:\Program Files\Java\jdk-11.0.10\bin\management_ext.dll
0x00007fff26950000 - 0x00007fff26968000 	C:\Windows\SYSTEM32\CRYPTSP.dll
0x00007fff260b0000 - 0x00007fff260e4000 	C:\Windows\system32\rsaenh.dll
0x00007fff26e90000 - 0x00007fff26ebe000 	C:\Windows\SYSTEM32\USERENV.dll
0x00007fff26970000 - 0x00007fff2697c000 	C:\Windows\SYSTEM32\CRYPTBASE.dll
0x00007fff210c0000 - 0x00007fff210d7000 	C:\Windows\SYSTEM32\dhcpcsvc6.DLL
0x00007fff210a0000 - 0x00007fff210bd000 	C:\Windows\SYSTEM32\dhcpcsvc.DLL
0x00007fff16990000 - 0x00007fff169a7000 	C:\Windows\system32\napinsp.dll
0x00007fff0f310000 - 0x00007fff0f32b000 	C:\Windows\system32\pnrpnsp.dll
0x00007fff085d0000 - 0x00007fff085e5000 	C:\Windows\system32\wshbth.dll
0x00007fff22bc0000 - 0x00007fff22bdd000 	C:\Windows\system32\NLAapi.dll
0x00007fff0d4d0000 - 0x00007fff0d4e2000 	C:\Windows\System32\winrnr.dll

dbghelp: loaded successfully - version: 4.0.5 - missing functions: none
symbol engine: initialized successfully - sym options: 0x614 - pdb path: .;C:\Program Files\Java\jdk-11.0.10\bin;C:\Windows\SYSTEM32;C:\Windows\WinSxS\amd64_microsoft.windows.common-controls_6595b64144ccf1df_6.0.19041.844_none_ca00b6081b84eb1d;C:\Program Files\Java\jdk-11.0.10\bin\server;C:\Program Files\JetBrains\IntelliJ IDEA 2020.3.1\bin

VM Arguments:
jvm_args: -XX:TieredStopAtLevel=1 -Xverify:none -Dspring.output.ansi.enabled=always -javaagent:C:\Program Files\JetBrains\IntelliJ IDEA 2020.3.1\lib\idea_rt.jar=51016:C:\Program Files\JetBrains\IntelliJ IDEA 2020.3.1\bin -Dcom.sun.management.jmxremote -Dspring.jmx.enabled=true -Dspring.liveBeansView.mbeanDomain -Dspring.application.admin.enabled=true -Dfile.encoding=UTF-8 
java_command: com.hackaton.PessoaServiceApplication
java_class_path (initial): C:\Users\joelv\stefanini\pessoa-service\target\classes;C:\Users\joelv\.m2\repository\org\springframework\boot\spring-boot-starter-data-jpa\2.4.0\spring-boot-starter-data-jpa-2.4.0.jar;C:\Users\joelv\.m2\repository\org\springframework\boot\spring-boot-starter-aop\2.4.0\spring-boot-starter-aop-2.4.0.jar;C:\Users\joelv\.m2\repository\org\aspectj\aspectjweaver\1.9.6\aspectjweaver-1.9.6.jar;C:\Users\joelv\.m2\repository\org\springframework\boot\spring-boot-starter-jdbc\2.4.0\spring-boot-starter-jdbc-2.4.0.jar;C:\Users\joelv\.m2\repository\com\zaxxer\HikariCP\3.4.5\HikariCP-3.4.5.jar;C:\Users\joelv\.m2\repository\org\springframework\spring-jdbc\5.3.1\spring-jdbc-5.3.1.jar;C:\Users\joelv\.m2\repository\jakarta\transaction\jakarta.transaction-api\1.3.3\jakarta.transaction-api-1.3.3.jar;C:\Users\joelv\.m2\repository\jakarta\persistence\jakarta.persistence-api\2.2.3\jakarta.persistence-api-2.2.3.jar;C:\Users\joelv\.m2\repository\org\hibernate\hibernate-core\5.4.23.Final\hibernate-core-5.4.23.Final.jar;C:\Users\joelv\.m2\repository\org\jboss\logging\jboss-logging\3.4.1.Final\jboss-logging-3.4.1.Final.jar;C:\Users\joelv\.m2\repository\org\javassist\javassist\3.24.0-GA\javassist-3.24.0-GA.jar;C:\Users\joelv\.m2\repository\net\bytebuddy\byte-buddy\1.10.18\byte-buddy-1.10.18.jar;C:\Users\joelv\.m2\repository\antlr\antlr\2.7.7\antlr-2.7.7.jar;C:\Users\joelv\.m2\repository\org\jboss\jandex\2.1.3.Final\jandex-2.1.3.Final.jar;C:\Users\joelv\.m2\repository\org\dom4j\dom4j\2.1.3\dom4j-2.1.3.jar;C:\Users\joelv\.m2\repository\org\hibernate\common\hibernate-commons-annotations\5.1.2.Final\hibernate-commons-annotations-5.1.2.Final.jar;C:\Users\joelv\.m2\repository\org\glassfish\jaxb\jaxb-runtime\2.3.3\jaxb-runtime-2.3.3.jar;C:\Users\joelv\.m2\repository\org\glassfish\jaxb\txw2\2.3.3\txw2-2.3.3.jar;C:\Users\joelv\.m2\repository\com\sun\istack\istack-commons-runtime\3.0.11\istack-commons-runtime-3.0.11.jar;C:\Users\joelv\.m2\repository\com\sun\activation\jakarta.a
Launcher Type: SUN_STANDARD

[Global flags]
     bool BytecodeVerificationLocal                = false                                     {product} {command line}
     bool BytecodeVerificationRemote               = false                                     {product} {command line}
     intx CICompilerCount                          = 4                                         {product} {ergonomic}
     uint ConcGCThreads                            = 2                                         {product} {ergonomic}
     uint G1ConcRefinementThreads                  = 8                                         {product} {ergonomic}
   size_t G1HeapRegionSize                         = 1048576                                   {product} {ergonomic}
    uintx GCDrainStackTargetSize                   = 64                                        {product} {ergonomic}
   size_t InitialHeapSize                          = 134217728                                 {product} {ergonomic}
     bool ManagementServer                         = true                                      {product} {command line}
   size_t MarkStackSize                            = 4194304                                   {product} {ergonomic}
   size_t MaxHeapSize                              = 2130706432                                {product} {ergonomic}
   size_t MaxNewSize                               = 1278214144                                {product} {ergonomic}
   size_t MinHeapDeltaBytes                        = 1048576                                   {product} {ergonomic}
    uintx NonNMethodCodeHeapSize                   = 7549744                                {pd product} {ergonomic}
    uintx NonProfiledCodeHeapSize                  = 244108496                              {pd product} {ergonomic}
    uintx ProfiledCodeHeapSize                     = 0                                      {pd product} {ergonomic}
    uintx ReservedCodeCacheSize                    = 251658240                              {pd product} {ergonomic}
     bool SegmentedCodeCache                       = true                                      {product} {ergonomic}
     intx TieredStopAtLevel                        = 1                                         {product} {command line}
     bool UseCompressedClassPointers               = true                                 {lp64_product} {ergonomic}
     bool UseCompressedOops                        = true                                 {lp64_product} {ergonomic}
     bool UseG1GC                                  = true                                      {product} {ergonomic}
     bool UseLargePagesIndividualAllocation        = false                                  {pd product} {ergonomic}

Logging:
Log output configuration:
 #0: stdout all=warning uptime,level,tags
 #1: stderr all=off uptime,level,tags

Environment Variables:
JAVA_HOME=C:\Program Files\Java\jdk-15.0.1
PATH=C:\Program Files (x86)\Common Files\Oracle\Java\javapath;C:\Program Files\Common Files\Oracle\Java\javapath;C:\Windows\system32;C:\Windows;C:\Windows\System32\Wbem;C:\Windows\System32\WindowsPowerShell\v1.0\;C:\Windows\System32\OpenSSH\;%JAVA_HOEM%\bin;C:\Program Files\apache-maven-3.6.3\bin;C:\Program Files\Git\cmd;C:\Program Files\nodejs\;C:\Users\joelv\AppData\Local\Microsoft\WindowsApps;;C:\Users\joelv\AppData\Local\Programs\Microsoft VS Code\bin;C:\Users\joelv\AppData\Roaming\npm
USERNAME=Gabriel
OS=Windows_NT
PROCESSOR_IDENTIFIER=AMD64 Family 23 Model 1 Stepping 1, AuthenticAMD



---------------  S Y S T E M  ---------------

OS: Windows 10 , 64 bit Build 19041 (10.0.19041.804)

CPU:total 8 (initial active 8) (8 cores per cpu, 2 threads per core) family 23 model 1 stepping 1 microcode 0x0, cmov, cx8, fxsr, mmx, sse, sse2, sse3, ssse3, sse4.1, sse4.2, popcnt, avx, avx2, aes, clmul, mmxext, 3dnowpref, lzcnt, sse4a, ht, tsc, tscinvbit, tscinv, bmi1, bmi2, adx, sh

Memory: 4k page, system-wide physical 8123M (1370M free)
TotalPageFile size 19387M (AvailPageFile size 6003M)
current process WorkingSet (physical memory assigned to process): 268M, peak: 268M
current process commit charge ("private bytes"): 345M, peak: 345M

vm_info: Java HotSpot(TM) 64-Bit Server VM (11.0.10+8-LTS-162) for windows-amd64 JRE (11.0.10+8-LTS-162), built on Dec  8 2020 16:32:57 by "mach5one" with MS VC++ 15.9 (VS2017)

END.
